#-----------------------------------------------------------
# PlanAhead v14.7 (64-bit)
# Build 321239 by xbuild on Fri Sep 27 19:29:51 MDT 2013
# Start of session at: Mon Mar 07 12:10:54 2022
# Process ID: 7116
# Log file: C:/Users/Acer/Documents/Anand S/one_four_demux/planAhead_run_1/planAhead.log
# Journal file: C:/Users/Acer/Documents/Anand S/one_four_demux/planAhead_run_1/planAhead.jou
#-----------------------------------------------------------
INFO: [Common 17-78] Attempting to get a license: PlanAhead
INFO: [Common 17-290] Got license for PlanAhead
INFO: [Device 21-36] Loading parts and site information from C:/Xilinx/14.7/ISE_DS/PlanAhead/data/parts/arch.xml
Parsing RTL primitives file [C:/Xilinx/14.7/ISE_DS/PlanAhead/data/parts/xilinx/rtl/prims/rtl_prims.xml]
Finished parsing RTL primitives file [C:/Xilinx/14.7/ISE_DS/PlanAhead/data/parts/xilinx/rtl/prims/rtl_prims.xml]
start_gui
source {C:/Users/Acer/Documents/Anand S/one_four_demux/pa.fromNetlist.tcl}
# create_project -name one_four_demux -dir "C:/Users/Acer/Documents/Anand S/one_four_demux/planAhead_run_1" -part xc6slx9tqg144-2
# set_property design_mode GateLvl [get_property srcset [current_run -impl]]
# set_property edif_top_file "C:/Users/Acer/Documents/Anand S/one_four_demux/one_four_demux.ngc" [ get_property srcset [ current_run ] ]
# add_files -norecurse { {C:/Users/Acer/Documents/Anand S/one_four_demux} }
# set_param project.pinAheadLayout  yes
# set_property target_constrs_file "one_four_demux.ucf" [current_fileset -constrset]
Adding file 'C:/Users/Acer/Documents/Anand S/one_four_demux/one_four_demux.ucf' to fileset 'constrs_1'
# add_files [list {one_four_demux.ucf}] -fileset [get_property constrset [current_run]]
# link_design
Design is defaulting to srcset: sources_1
Design is defaulting to constrset: constrs_1
Design is defaulting to project part: xc6slx9tqg144-2
Release 14.7 - ngc2edif P.20131013 (nt64)
Copyright (c) 1995-2013 Xilinx, Inc.  All rights reserved.
Reading design one_four_demux.ngc ...
WARNING:NetListWriters:298 - No output is written to one_four_demux.xncf,
   ignored.
Processing design ...
   Preping design's networks ...
   Preping design's macros ...
  finished :Prep
Writing EDIF netlist file one_four_demux.edif ...
ngc2edif: Total memory usage is 4310016 kilobytes

Parsing EDIF File [./planAhead_run_1/one_four_demux.data/cache/one_four_demux_ngc_zx.edif]
Finished Parsing EDIF File [./planAhead_run_1/one_four_demux.data/cache/one_four_demux_ngc_zx.edif]
Loading clock regions from C:/Xilinx/14.7/ISE_DS/PlanAhead/data\parts/xilinx/spartan6/spartan6lx/xc6slx9/ClockRegion.xml
Loading clock buffers from C:/Xilinx/14.7/ISE_DS/PlanAhead/data\parts/xilinx/spartan6/spartan6lx/xc6slx9/ClockBuffers.xml
Loading package pin functions from C:/Xilinx/14.7/ISE_DS/PlanAhead/data\parts/xilinx/spartan6/PinFunctions.xml...
Loading package from C:/Xilinx/14.7/ISE_DS/PlanAhead/data\parts/xilinx/spartan6/spartan6lx/xc6slx9/tqg144/Package.xml
Loading io standards from C:/Xilinx/14.7/ISE_DS/PlanAhead/data\./parts/xilinx/spartan6/IOStandards.xml
Loading device configuration modes from C:/Xilinx/14.7/ISE_DS/PlanAhead/data\parts/xilinx/spartan6/ConfigModes.xml
Loading list of drcs for the architecture : C:/Xilinx/14.7/ISE_DS/PlanAhead/data\./parts/xilinx/spartan6/drc.xml
Parsing UCF File [C:/Users/Acer/Documents/Anand S/one_four_demux/one_four_demux.ucf]
Finished Parsing UCF File [C:/Users/Acer/Documents/Anand S/one_four_demux/one_four_demux.ucf]
INFO: [Project 1-111] Unisim Transformation Summary:
No Unisim elements were transformed.

Phase 0 | Netlist Checksum: 8e1cb17b
link_design: Time (s): elapsed = 00:00:07 . Memory (MB): peak = 594.371 ; gain = 134.645
startgroup
set_property package_pin P15 [get_ports a]
endgroup
startgroup
set_property package_pin P12 [get_ports b]
endgroup
startgroup
set_property package_pin P11 [get_ports c]
endgroup
startgroup
set_property package_pin P9 [get_ports d]
endgroup
startgroup
set_property package_pin P7 [get_ports s0]
endgroup
startgroup
set_property package_pin P17 [get_ports s1]
endgroup
startgroup
set_property package_pin P80 [get_ports y]
endgroup
save_constraints
