--------------------------------------------------------------------------------
Release 14.7 Trace  (nt64)
Copyright (c) 1995-2013 Xilinx, Inc.  All rights reserved.

C:\Xilinx\14.7\ISE_DS\ISE\bin\nt64\unwrapped\trce.exe -intstyle ise -v 3 -s 2
-n 3 -fastpaths -xml one_four_demux.twx one_four_demux.ncd -o
one_four_demux.twr one_four_demux.pcf -ucf one_four_demux.ucf

Design file:              one_four_demux.ncd
Physical constraint file: one_four_demux.pcf
Device,package,speed:     xc6slx9,tqg144,C,-2 (PRODUCTION 1.23 2013-10-13)
Report level:             verbose report

Environment Variable      Effect 
--------------------      ------ 
NONE                      No environment variables were set
--------------------------------------------------------------------------------

INFO:Timing:2698 - No timing constraints found, doing default enumeration.
INFO:Timing:3412 - To improve timing, see the Timing Closure User Guide (UG612).
INFO:Timing:2752 - To get complete path coverage, use the unconstrained paths 
   option. All paths that are not constrained will be reported in the 
   unconstrained paths section(s) of the report.
INFO:Timing:3339 - The clock-to-out numbers in this timing report are based on 
   a 50 Ohm transmission line loading model.  For the details of this model, 
   and for more information on accounting for different loading conditions, 
   please see the device datasheet.



Data Sheet report:
-----------------
All values displayed in nanoseconds (ns)

Pad to Pad
---------------+---------------+---------+
Source Pad     |Destination Pad|  Delay  |
---------------+---------------+---------+
s0             |a              |    9.614|
s0             |b              |    8.784|
s0             |c              |    8.966|
s0             |d              |    9.240|
s1             |a              |   10.660|
s1             |b              |    9.598|
s1             |c              |   10.012|
s1             |d              |   10.054|
y              |a              |   12.055|
y              |b              |   11.508|
y              |c              |   11.407|
y              |d              |   11.964|
---------------+---------------+---------+


Analysis completed Mon Mar 07 12:12:59 2022 
--------------------------------------------------------------------------------

Trace Settings:
-------------------------
Trace Settings 

Peak Memory Usage: 4571 MB



