Command line:
   ha_adder_isim_beh.exe
     -simmode  gui
     -simrunnum  0
     -socket  58515

Mon Mar 07 10:07:52 2022


 Elaboration Time: 0.046875 sec

 Current Memory Usage: 5150.64 Meg

 Total Signals          : 17
 Total Nets             : 17
 Total Signal Drivers   : 7
 Total Blocks           : 2
 Total Primitive Blocks : 2
 Total Processes        : 8
 Total Traceable Variables  : 18
 Total Scalar Nets and Variables : 97
Total Line Count : 16

 Total Simulation Time: 0.046875 sec

 Current Memory Usage: 5465.21 Meg

Mon Mar 07 10:08:36 2022

