ISim log file
Running: C:\Users\Acer\Documents\Anand S\or_gate\or_gate_isim_beh.exe -intstyle ise -gui -tclbatch isim.cmd -wdb C:/Users/Acer/Documents/Anand S/or_gate/or_gate_isim_beh.wdb 
ISim P.20131013 (signature 0x7708f090)
WARNING: A WEBPACK license was found.
WARNING: Please use Xilinx License Configuration Manager to check out a full ISim license.
WARNING: ISim will run in Lite mode. Please refer to the ISim documentation for more information on the differences between the Lite and the Full version.
This is a Lite version of ISim.
Time resolution is 1 ps
# onerror resume
# wave add /
# run 1000 ns
Simulator is doing circuit initialization process.
Finished circuit initialization process.
# isim force add /or_gate/a 1 -radix bin -value 0 -radix bin -time 50 ps -repeat 100 ps -cancel 1 ns
# isim force add /or_gate/a 1 -radix bin -value 0 -radix bin -time 50 ps -repeat 100 ps -cancel 1 ns
# isim force add /or_gate/b 1 -radix bin -value 0 -radix bin -time 25 ps -repeat 50 ps -cancel 1 ns
# isim force add /or_gate/b 1 -radix bin -value 0 -radix bin -time 25 ps -repeat 50 ps -cancel 1 ns
# run all
# run all
# run all
# run all
# run all
